[DEBUG] Logger Awake[DEBUG] Logger Awake[DEBUG] Logger Awake[DEBUG] Logger Awake[DEBUG] Base_Controller::process for action [bar][DEBUG] Logger Awake
[DEBUG] Base_Controller::process for action [bar]
[DEBUG] Logger Awake
[DEBUG] Base_Controller::process for action [bar]
[DEBUG] Logger Awake
[DEBUG] Base_Controller::process for action [bar]
[DEBUG] Logger Awake
[DEBUG] Base_Controller::process for action [bar]
[DEBUG] Base_Controller::process Action Found [bar] now invoking
[DEBUG] Base_Controller::process Action NOT found [bar] Template [] and Layout [] found
[DEBUG] Logger Awake
[DEBUG] Base_Controller::process for action [bar]
[DEBUG] Base_Controller::process Action Found [bar] now invoking
[DEBUG] Logger Awake
[DEBUG] Base_Controller::process for action [bar]
[DEBUG] Base_Controller::process Action Found [bar] now invoking
[DEBUG] Base_Controller::process Action NOT found [bar] Template [] and Layout [] found
[DEBUG] Logger Awake
[DEBUG] Base_Controller::process for action [bar]
[DEBUG] Base_Controller::process Action Found [bar] now invoking
[DEBUG] Base_Controller::process Action NOT found [bar] Template [] and Layout [] found
[DEBUG] Logger Awake
[DEBUG] Base_Controller::process for action [bar]
[DEBUG] Base_Controller::process Action Found [bar] now invoking
[DEBUG] Base_Controller::process Action NOT found [bar] Template [] and Layout [] found
[DEBUG] Logger Awake
[DEBUG] Base_Controller::process for action [bar]
[DEBUG] Base_Controller::process Action Found [bar] now invoking
[DEBUG] Base_Controller::process Action NOT found [bar] Template [] and Layout [] found
[DEBUG] Logger Awake
[DEBUG] Base_Controller::process for action [bar]
[DEBUG] Base_Controller::process Action Found [bar] now invoking
[DEBUG] Logger Awake
[DEBUG] Base_Controller::process for action [bar]
[DEBUG] Base_Controller::process Action Found [bar] now invoking
[DEBUG] Logger Awake
[DEBUG] Base_Controller::process for action [bar]
[DEBUG] Base_Controller::process Action Found [bar] now invoking
[DEBUG] Logger Awake
[DEBUG] Base_Controller::process for action [bar]
[DEBUG] Base_Controller::process Action Found [bar] now invoking
[DEBUG] Logger Awake
[DEBUG] Base_Controller::process for action [bar]
[DEBUG] Base_Controller::process Action Found [bar] now invoking
[DEBUG] Base_Controller::process Action NOT found [bar] Template [] and Layout [] found
[DEBUG] Logger Awake
[DEBUG] Base_Controller::process for action [bar]
[DEBUG] Base_Controller::process Action Found [bar] now invoking
[DEBUG] Base_Controller::process Template [/www/aabot/app/view/foo/bar.php] WAS found
[DEBUG] Logger Awake
[DEBUG] Base_Controller::process for action [bar]
[DEBUG] Base_Controller::process Action Found [bar] now invoking
[DEBUG] Base_Controller::process Template [/www/aabot/app/view/foo/bar.php] WAS found
[DEBUG] Logger Awake
[DEBUG] Base_Controller::process for action [bar]
[DEBUG] Base_Controller::process Action Found [bar] now invoking
[DEBUG] Base_Controller::process Template [/www/aabot/app/view/foo/bar.php] WAS found
[DEBUG] Base_Controller::digestTemplate Not using Layout (layout_path has been set to null)
[DEBUG] Logger Awake
[DEBUG] Base_Controller::process for action [bar]
[DEBUG] Base_Controller::process Action Found [bar] now invoking
[DEBUG] Base_Controller::process Template [/www/aabot/app/view/foo/bar.php] WAS found
[DEBUG] Logger Awake
[DEBUG] Base_Controller::process for action [bar]
[DEBUG] Base_Controller::process Action Found [bar] now invoking
[DEBUG] Base_Controller::process Template [/www/aabot/app/view/foo/bar.php] WAS found
[DEBUG] Base_Controller::digestTemplate Using Layout [/www/aabot/app/view/layout/default.php]
[DEBUG] Logger Awake
[DEBUG] Bootstrapper::strap Invoking Controller [controller_Foo]
[DEBUG] Base_Controller::process for action [bar]
[DEBUG] Base_Controller::process Action Found [bar] now invoking
[DEBUG] Base_Controller::process Template [/www/aabot/app/view/foo/bar.php] WAS found
[DEBUG] Base_Controller::digestTemplate Using Layout [/www/aabot/app/view/layout/default.php]
[DEBUG] Logger Awake
[DEBUG] Bootstrapper::strap Invoking Controller [controller_Foo]
[DEBUG] Base_Controller::process for action [bar]
[DEBUG] Base_Controller::process Action Found [bar] now invoking
[DEBUG] Base_Controller::process Template [/www/aabot/app/view/foo/bar.php] WAS found
[DEBUG] Base_Controller::digestTemplate Using Layout [/www/aabot/app/view/layout/default.php]
[DEBUG] Logger Awake
[DEBUG] Bootstrapper::strap Invoking Controller [controller_foo]
[DEBUG] Base_Controller::process Calling process for action [bar]
[DEBUG] Base_Controller::process Action Found [bar] now invoking
[DEBUG] Base_Controller::process Template [/www/aabot/app/view/foo/bar.php] WAS found
[DEBUG] Base_Controller::digestTemplate Using Layout [/www/aabot/app/view/layout/default.php]
[DEBUG] Logger Awake
[DEBUG] Bootstrapper::strap Invoking Controller [controller_Foo]
[DEBUG] Base_Controller::process Calling process for action [bar]
[DEBUG] Base_Controller::process Action Found [bar] now invoking
[DEBUG] Base_Controller::process Template [/www/aabot/app/view/foo/bar.php] WAS found
[DEBUG] Base_Controller::digestTemplate Using Layout [/www/aabot/app/view/layout/default.php]
[DEBUG] Logger Awake
[DEBUG] Bootstrapper::strap Invoking Controller [controller_Foo]
[DEBUG] Base_Controller::process Calling process for action [bar]
[DEBUG] Base_Controller::process Action [bar] Found on Controller [controller_foo], now invoking
[DEBUG] Base_Controller::process Template [/www/aabot/app/view/foo/bar.php] WAS found
[DEBUG] Base_Controller::digestTemplate Using Layout [/www/aabot/app/view/layout/default.php]
[DEBUG] Logger Awake
[DEBUG] Bootstrapper::strap Invoking Controller [controller_Foo]
[DEBUG] Base_Controller::process Calling process for action [bar]
[DEBUG] Base_Controller::process Action [bar] Found on Controller [Controller_Foo], now invoking
[DEBUG] Logger Awake
[DEBUG] Bootstrapper::strap Invoking Controller [controller_Foo]
[DEBUG] Base_Controller::process Calling process for action [bar]
[DEBUG] Base_Controller::process Action [bar] Found on Controller [Controller_Foo], now invoking
[DEBUG] Logger Awake
[DEBUG] Bootstrapper::strap Invoking Controller [controller_Foo]
[DEBUG] Base_Controller::process Calling process for action [bar]
[DEBUG] Base_Controller::process Action [bar] Found on Controller [controller_foo], now invoking
[DEBUG] Base_Controller::process Template [/www/aabot/app/view/foo/bar.php] WAS found
[DEBUG] Base_Controller::digestTemplate Using Layout [/www/aabot/app/view/layout/default.php]
[DEBUG] Logger Awake
[DEBUG] Bootstrapper::strap Invoking Controller [controller_Foo]
[DEBUG] Base_Controller::process Calling process for action [bar]
[DEBUG] Base_Controller::process Action [bar] Found on Controller [controller_foo], now invoking
[DEBUG] Base_Controller::process Template [/www/aabot/app/view/foo/bar.php] WAS found
[DEBUG] Base_Controller::digestTemplate Using Layout [/www/aabot/app/view/layout/default.php]
[DEBUG] Logger Awake
[DEBUG] Bootstrapper::strap Invoking Controller [controller_Foo]
[DEBUG] Base_Controller::process Calling process for action [bar]
[DEBUG] Base_Controller::process Action [bar] Found on Controller [controller_foo], now invoking
[DEBUG] Base_Controller::process Template [/www/aabot/app/view/foo/bar.php] WAS found
[DEBUG] Base_Controller::digestTemplate Using Layout [/www/aabot/app/view/layout/default.php]
[DEBUG] Logger Awake
[DEBUG] Bootstrapper::strap Invoking Controller [Controller_Foo]
[DEBUG] Base_Controller::process Calling process for action [bar]
[DEBUG] Base_Controller::process Action [bar] Found on Controller [controller_foo], now invoking
[DEBUG] Base_Controller::process Template [/www/aabot/app/view/foo/bar.php] WAS found
[DEBUG] Base_Controller::digestTemplate Using Layout [/www/aabot/app/view/layout/default.php]
[DEBUG] Logger Awake
[DEBUG] Bootstrapper::strap Invoking Controller [Controller_Foo]
[DEBUG] Base_Controller::process Calling process for action [bar]
[DEBUG] Base_Controller::process Action [bar] Found on Controller [Controller_Foo], now invoking
[DEBUG] Logger Awake
[DEBUG] Bootstrapper::strap Invoking Controller [Controller_Foo]
[DEBUG] Base_Controller::process Calling process for action [bar]
[DEBUG] Base_Controller::process Action [bar] Found on Controller [Controller_Foo], now invoking
[DEBUG] Logger Awake
[DEBUG] Bootstrapper::strap Invoking Controller [Controller_Foo]
[DEBUG] Base_Controller::process Calling process for action [bar]
[DEBUG] Base_Controller::process Action [bar] Found on Controller [Controller_Foo], now invoking
[DEBUG] Base_Controller::process Template [/www/aabot/app/view/Foo/bar.php] WAS found
[DEBUG] Base_Controller::digestTemplate Using Layout [/www/aabot/app/view/layout/default.php]
[DEBUG] Logger Awake
[DEBUG] Logger Awake
[DEBUG] Bootstrapper::strap Invoking Controller [Controller_Foo]
[DEBUG] Base_Controller::process Calling process for action [bar]
[DEBUG] Base_Controller::process Action [bar] Found on Controller [Controller_Foo], now invoking
[DEBUG] Base_Controller::process Template [/www/aabot/app/view/Foo/bar.php] WAS found
[DEBUG] Base_Controller::digestTemplate Using Layout [/www/aabot/app/view/layout/default.php]
[DEBUG] Logger Awake
[DEBUG] Bootstrapper::strap Invoking Controller [Controller_Foo]
[DEBUG] Base_Controller::process Calling process for action [bar]
[DEBUG] Base_Controller::process Action [bar] Found on Controller [Controller_Foo], now invoking
[DEBUG] Base_Controller::process Template [/www/aabot/app/view/Foo/bar.php] WAS found
[DEBUG] Base_Controller::digestTemplate Using Layout [/www/aabot/app/view/layout/default.php]
[DEBUG] Logger Awake
[DEBUG] Bootstrapper::strap Invoking Controller [Controller_Foo]
[DEBUG] Base_Controller::process Calling process for action [bar]
[DEBUG] Base_Controller::process Action [bar] Found on Controller [Controller_Foo], now invoking
[DEBUG] Base_Controller::process Template [/www/aabot/app/view/Foo/bar.php] WAS found
[DEBUG] Base_Controller::digestTemplate Using Layout [/www/aabot/app/view/layout/default.php]
[DEBUG] Logger Awake
[DEBUG] Bootstrapper::strap Invoking Controller [Controller_Foo]
[DEBUG] Base_Controller::process Calling process for action [bar]
[DEBUG] Base_Controller::process Action [bar] Found on Controller [Controller_Foo], now invoking
[DEBUG] Base_Controller::process Template [/www/aabot/app/view/Foo/bar.php] WAS found
[DEBUG] Base_Controller::digestTemplate Using Layout [/www/aabot/app/view/layout/default.php]
[DEBUG] Logger Awake
[DEBUG] Logger Awake
[DEBUG] Logger Awake
[DEBUG] Logger Awake
[DEBUG] Bootstrapper::strap Invoking Controller [Controller_Foo]
[DEBUG] Base_Controller::process Calling process for action [bar]
[DEBUG] Base_Controller::process Action [bar] Found on Controller [Controller_Foo], now invoking
[DEBUG] Base_Controller::process Template [/www/aabot/app/view/Foo/bar.php] WAS found
[DEBUG] Base_Controller::digestTemplate Using Layout [/www/aabot/app/view/layout/default.php]
[DEBUG] Logger Awake
[DEBUG] Logger Awake
[DEBUG] Bootstrapper::strap Invoking Controller [Controller_Foo]
[DEBUG] Base_Controller::process Calling process for action [bar]
[DEBUG] Base_Controller::process Action [bar] Found on Controller [Controller_Foo], now invoking
[DEBUG] Base_Controller::process Template [/www/aabot/app/view/Foo/bar.php] WAS found
[DEBUG] Base_Controller::digestTemplate Using Layout [/www/aabot/app/view/layout/default.php]
[DEBUG] Logger Awake
[DEBUG] Logger Awake
[DEBUG] Logger Awake
[DEBUG] Logger Awake
[DEBUG] Logger Awake
[DEBUG] Logger Awake
[DEBUG] Bootstrapper::strap Invoking Controller [Controller_Foo]
[DEBUG] Base_Controller::process Calling process for action []
[DEBUG] Logger Awake
[DEBUG] Bootstrapper::strap Invoking Controller [Controller_Foo]
[DEBUG] Base_Controller::process Calling process for action []
[DEBUG] Logger Awake
[DEBUG] Bootstrapper::strap Invoking Controller [Controller_Foo]
[DEBUG] Base_Controller::process Calling process for action []
[DEBUG] Logger Awake
[DEBUG] Bootstrapper::strap Invoking Controller [Controller_Foo]
[DEBUG] Base_Controller::process Calling process for action []
[DEBUG] Logger Awake
[DEBUG] Bootstrapper::strap Invoking Controller [Controller_Foo]
[DEBUG] Base_Controller::process Calling process for action []
[DEBUG] Logger Awake
[DEBUG] Bootstrapper::strap Invoking Controller [Controller_Foo]
[DEBUG] Base_Controller::process Calling process for action []
[DEBUG] Logger Awake
[DEBUG] Bootstrapper::strap Invoking Controller [Controller_Foo]
[DEBUG] Base_Controller::process Calling process for action []
[DEBUG] Logger Awake
[DEBUG] Bootstrapper::strap Invoking Controller [Controller_Foo]
[DEBUG] Base_Controller::process Calling process for action []
[DEBUG] Logger Awake
[DEBUG] Bootstrapper::strap Invoking Controller [Controller_Foo]
[DEBUG] Base_Controller::process Calling process for action []
[DEBUG] Base_Controller::setTemplate no action was supplied and no default template [/www/aabot/app/view/Foo/index.php] was found
[DEBUG] Logger Awake
[DEBUG] Bootstrapper::strap Invoking Controller [Controller_Foo]
[DEBUG] Base_Controller::process Calling process for action []
[DEBUG] Logger Awake
[DEBUG] Bootstrapper::strap Invoking Controller [Controller_Foo]
[DEBUG] Base_Controller::process Calling process for action []
[DEBUG] Logger Awake
[DEBUG] Bootstrapper::strap Invoking Controller [Controller_Foo]
[DEBUG] Base_Controller::process Calling process for action []
[DEBUG] Logger Awake
[DEBUG] Bootstrapper::strap Invoking Controller [Controller_Foo]
[DEBUG] Base_Controller::process Calling process for action []
[DEBUG] Logger Awake
[DEBUG] Bootstrapper::strap Invoking Controller [Controller_Foo]
[DEBUG] Base_Controller::process Calling process for action []
[DEBUG] Logger Awake
[DEBUG] Bootstrapper::strap Invoking Controller [Controller_Foo]
[DEBUG] Base_Controller::process Calling process for action []
[DEBUG] Logger Awake
[DEBUG] Bootstrapper::strap Invoking Controller [Controller_Foo]
[DEBUG] Base_Controller::process Calling process for action []
[DEBUG] Logger Awake
[DEBUG] Bootstrapper::strap Invoking Controller [Controller_Foo]
[DEBUG] Base_Controller::process Calling process for action []
[DEBUG] Logger Awake
[DEBUG] Bootstrapper::strap Invoking Controller [Controller_Foo]
[DEBUG] Base_Controller::process Calling process for action []
[DEBUG] Logger Awake
[DEBUG] Bootstrapper::strap Invoking Controller [Controller_Foo]
[DEBUG] Base_Controller::process Calling process for action []
[ERROR] Base_Controller::setTemplate no action was supplied and no default template [/www/aabot/app/view/Foo/index.php] was found
[INFO] Base_Controller::process Action NOT found []
[ERROR] Base_Controller::process Template [] NOT found
[DEBUG] Logger Awake
[DEBUG] Bootstrapper::strap Invoking Controller [Controller_Foo]
[DEBUG] Base_Controller::process Calling process for action []
[ERROR] Base_Controller::setTemplate no action was supplied and no default template [/www/aabot/app/view/Foo/index.php] was found
[INFO ] Base_Controller::process Action NOT found []
[ERROR] Base_Controller::process Template [] NOT found
[DEBUG] Logger Awake
[DEBUG] Bootstrapper::strap Invoking Controller [Controller_Foo]
[DEBUG] Base_Controller::process Calling process for action []
[ERROR] Base_Controller::setTemplate99 no action was supplied and no default template [/www/aabot/app/view/Foo/index.php] was found
[INFO ] Base_Controller::process Action NOT found []
[ERROR] Base_Controller::process Template [] NOT found
[DEBUG] Logger Awake
[DEBUG] Bootstrapper::strap Invoking Controller [Controller_Foo]
[DEBUG] Base_Controller::process Calling process for action []
[ERROR] Base_Controller::setTemplate(ln:99) no action was supplied and no default template [/www/aabot/app/view/Foo/index.php] was found
[INFO ] Base_Controller::process Action NOT found []
[ERROR] Base_Controller::process Template [] NOT found
[DEBUG] Logger Awake
[DEBUG] Bootstrapper::strap Invoking Controller [Controller_Foo]
[DEBUG] Base_Controller::process Calling process for action []
[INFO ] Base_Controller::setAction no action was supplied and no default action [/www/aabot/app/view/Foo/index.php] was found
[DEBUG] Logger Awake
[DEBUG] Bootstrapper::strap Invoking Controller [Controller_Foo]
[DEBUG] Base_Controller::process Calling process for action []
[INFO ] Base_Controller::setAction no action was supplied and no default action [/www/aabot/app/view/Foo/index.php] was found
[INFO ] Base_Controller::process Action NOT found []
[ERROR] Base_Controller::process Template [] NOT found
[DEBUG] Logger Awake
[DEBUG] Bootstrapper::strap Invoking Controller [Controller_Foo]
[DEBUG] Base_Controller::process Calling process for action []
[INFO ] Base_Controller::setAction no action was supplied and no default action [/www/aabot/app/view/Foo/index.php] was found
[INFO ] Base_Controller::process Action NOT found []
[ERROR] Base_Controller::process Template [] NOT found
[DEBUG] Logger Awake
[DEBUG] Bootstrapper::strap Invoking Controller [Controller_Foo]
[DEBUG] Base_Controller::process Calling process for action []
[INFO ] Base_Controller::setAction no action was supplied and no default action [/www/aabot/app/view/Foo/index.php]
[INFO ] Base_Controller::process Action NOT found []
[ERROR] Base_Controller::process Template [/www/aabot/app/view/Foo/] NOT found
[DEBUG] Logger Awake
[DEBUG] Bootstrapper::strap Invoking Controller [Controller_Foo]
[DEBUG] Base_Controller::process Calling process for action []
[INFO ] Base_Controller::setAction NO action was supplied and NO default action [/www/aabot/app/view/Foo/index.php] was found
[INFO ] Base_Controller::process Action NOT found []
[ERROR] Base_Controller::process Template [/www/aabot/app/view/Foo/] NOT found
[DEBUG] Logger Awake
[DEBUG] Bootstrapper::strap Invoking Controller [Controller_Foo]
[DEBUG] Base_Controller::process Calling process for action [bar]
[INFO ] Base_Controller::process Action NOT found [bar]
[ERROR] Base_Controller::process Template [/www/aabot/app/view/Foo//www/aabot/app/view/Foo/bar.php] NOT found
[DEBUG] Logger Awake
[DEBUG] Bootstrapper::strap Invoking Controller [Controller_Foo]
[DEBUG] Base_Controller::process Calling process for action []
[INFO ] Base_Controller::setAction NO action was supplied and NO default action [/www/aabot/app/view/Foo/index.php] was found
[INFO ] Base_Controller::process Action NOT found []
[ERROR] Base_Controller::process Template [/www/aabot/app/view/Foo/] NOT found
[DEBUG] Logger Awake
[DEBUG] Bootstrapper::strap Invoking Controller [Controller_Foo]
[DEBUG] Base_Controller::process Calling process for action [bar]
[DEBUG] Logger Awake
[DEBUG] Bootstrapper::strap Invoking Controller [Controller_Foo]
[DEBUG] Base_Controller::process Calling process for action [bar]
[DEBUG] Base_Controller::process Action [bar] Found on Controller [Foo], now invoking
[DEBUG] Base_Controller::process Template [/www/aabot/app/view/Foo/bar.php] WAS found
[DEBUG] Base_Controller::digestTemplate Using Layout [/www/aabot/app/view/layout/default.php]
[DEBUG] Logger Awake
[DEBUG] Bootstrapper::strap Invoking Controller [Controller_Foo]
[DEBUG] Base_Controller::process Calling process for action [bar]
[DEBUG] Base_Controller::process Action [bar] Found on Controller [Foo], now invoking
[DEBUG] Base_Controller::process Template [/www/aabot/app/view/Foo/bar.php] WAS found
[DEBUG] Base_Controller::digestTemplate Using Layout [/www/aabot/app/view/layout/default.php]
[DEBUG] Logger Awake
[DEBUG] Bootstrapper::strap Invoking Controller [Controller_Foo]
[DEBUG] Base_Controller::process Calling process for action [bar]
[DEBUG] Base_Controller::callAction Action [] Found on Controller [Foo], now invoking
[DEBUG] Logger Awake
[DEBUG] Bootstrapper::strap Invoking Controller [Controller_Foo]
[DEBUG] Base_Controller::process Calling process for action [bar]
[DEBUG] Base_Controller::callAction Action [bar] Found on Controller [Foo], now invoking
[DEBUG] Logger Awake
[DEBUG] Bootstrapper::strap Invoking Controller [Controller_Foo]
[DEBUG] Base_Controller::process Calling process for action [bar]
[DEBUG] Base_Controller::callAction Action [bar] Found on Controller [Foo], now invoking
[DEBUG] Logger Awake
[DEBUG] Bootstrapper::strap Invoking Controller [Controller_Foo]
[DEBUG] Base_Controller::process Calling process for action [bar]
[DEBUG] Base_Controller::callAction Action [bar] Found on Controller [Foo], now invoking
[DEBUG] Base_Controller::process Template [/www/aabot/app/view/Foo/bar.php] WAS found
[DEBUG] Base_Controller::digestTemplate Using Layout [/www/aabot/app/view/layout/default.php]
[DEBUG] Logger Awake
[DEBUG] Bootstrapper::strap Invoking Controller [Controller_Foo]
[DEBUG] Base_Controller::process Calling process for action [bar]
[DEBUG] Base_Controller::callAction Action [bar] Found on Controller [Foo], now invoking
[DEBUG] Base_Controller::process Template [/www/aabot/app/view/Foo/bar.php] WAS found
[DEBUG] Base_Controller::digestTemplate Using Layout [/www/aabot/app/view/layout/default.php]
[DEBUG] Logger Awake
[DEBUG] Bootstrapper::strap Invoking Controller [Controller_Foo]
[DEBUG] Base_Controller::process Calling process for action [bar]
[DEBUG] Base_Controller::callAction Action [bar] Found on Controller [Foo], now invoking
[DEBUG] Base_Controller::process Template [/www/aabot/app/view/Foo/bar.php] WAS found
[DEBUG] Base_Controller::digestTemplate Not using Layout (layout_path has been set to null)
